CBMC version 5.6 64-bit x86_64 linux
Parsing lazy_false.c
file <command-line> line 0: <command-line>:0:0: warning: "__STDC_VERSION__" redefined
<built-in>: note: this is the location of the previous definition
Converting
Type-checking lazy_false
file lazy_false.c line 13 function thread1: function `printf' is not declared
Generating GOTO Program
Adding CPROVER library (x86_64)
file <command-line> line 0: <command-line>:0:0: warning: "__STDC_VERSION__" redefined
<built-in>: note: this is the location of the previous definition
Removal of function pointers and virtual functions
Partial Inlining
Generic Property Instrumentation
Starting Bounded Model Checking
**** WARNING: no body for function nondet
Adding SC constraints
Shared __CPROVER_threads_exited: 6R/4W
Shared __CPROVER_next_thread_id: 14R/4W
Shared data: 9R/4W
Shared mutex: 8R/9W
size of program expression: 1642 steps
no slicing due to threads
Generated 6 VCC(s), 6 remaining after simplification
Passing problem to propositional reduction
converting SSA
Running propositional reduction
Post-processing
Solving with MiniSAT 2.2.1 with simplifier
31333 variables, 131756 clauses
SAT checker: instance is SATISFIABLE
Solving with MiniSAT 2.2.1 with simplifier
31333 variables, 66550 clauses
SAT checker: instance is UNSATISFIABLE
Runtime decision procedure: 2.965s

** Results:
[] must hold lock upon unlock: SUCCESS
[main.assertion.1] lock held upon destroy: SUCCESS
[__VERIFIER_assert.assertion.1] assertion expr: FAILURE
[thread1.assertion.1] must hold lock upon unlock: SUCCESS
[thread2.assertion.1] must hold lock upon unlock: SUCCESS
[thread3.assertion.1] must hold lock upon unlock: SUCCESS

** 1 of 6 failed (2 iterations)
VERIFICATION FAILED
Command exited with non-zero status 10
3.50user 0.05system 0:03.55elapsed 100%CPU (0avgtext+0avgdata 40852maxresident)k
0inputs+40outputs (0major+20406minor)pagefaults 0swaps
